mode: set
final-project/deliveries/controllers/auth/auth.go:17.67,21.2 1 1
final-project/deliveries/controllers/auth/auth.go:23.53,24.36 1 1
final-project/deliveries/controllers/auth/auth.go:24.36,26.141 2 1
final-project/deliveries/controllers/auth/auth.go:30.3,31.17 2 1
final-project/deliveries/controllers/auth/auth.go:35.3,37.17 3 1
final-project/deliveries/controllers/auth/auth.go:40.3,40.152 1 1
final-project/deliveries/controllers/auth/auth.go:26.141,28.4 1 1
final-project/deliveries/controllers/auth/auth.go:31.17,33.4 1 1
final-project/deliveries/controllers/auth/auth.go:37.17,39.4 1 1
final-project/deliveries/controllers/auth/response.go:12.78,19.2 1 1
final-project/deliveries/controllers/order/order.go:21.106,26.2 1 1
final-project/deliveries/controllers/order/order.go:33.55,34.36 1 1
final-project/deliveries/controllers/order/order.go:34.36,36.14 2 1
final-project/deliveries/controllers/order/order.go:40.3,41.374 2 1
final-project/deliveries/controllers/order/order.go:45.3,46.17 2 1
final-project/deliveries/controllers/order/order.go:50.3,52.17 3 1
final-project/deliveries/controllers/order/order.go:56.3,57.35 2 1
final-project/deliveries/controllers/order/order.go:61.3,64.17 3 1
final-project/deliveries/controllers/order/order.go:67.3,67.127 1 1
final-project/deliveries/controllers/order/order.go:36.14,38.4 1 1
final-project/deliveries/controllers/order/order.go:41.374,43.4 1 1
final-project/deliveries/controllers/order/order.go:46.17,48.4 1 1
final-project/deliveries/controllers/order/order.go:52.17,54.4 1 1
final-project/deliveries/controllers/order/order.go:57.35,59.4 1 1
final-project/deliveries/controllers/order/order.go:64.17,66.4 1 1
final-project/deliveries/controllers/order/order.go:72.52,73.36 1 1
final-project/deliveries/controllers/order/order.go:73.36,75.15 2 1
final-project/deliveries/controllers/order/order.go:79.3,80.17 2 1
final-project/deliveries/controllers/order/order.go:83.3,83.121 1 1
final-project/deliveries/controllers/order/order.go:75.15,77.4 1 1
final-project/deliveries/controllers/order/order.go:80.17,82.4 1 1
final-project/deliveries/controllers/order/order.go:88.60,89.36 1 1
final-project/deliveries/controllers/order/order.go:89.36,93.17 3 1
final-project/deliveries/controllers/order/order.go:96.3,96.141 1 1
final-project/deliveries/controllers/order/order.go:93.17,95.4 1 1
final-project/deliveries/controllers/order/order.go:101.56,102.36 1 1
final-project/deliveries/controllers/order/order.go:102.36,104.15 2 1
final-project/deliveries/controllers/order/order.go:104.15,109.18 4 1
final-project/deliveries/controllers/order/order.go:112.4,112.130 1 1
final-project/deliveries/controllers/order/order.go:109.18,111.5 1 1
final-project/deliveries/controllers/order/order.go:113.9,117.18 3 1
final-project/deliveries/controllers/order/order.go:120.4,120.131 1 1
final-project/deliveries/controllers/order/order.go:117.18,119.5 1 1
final-project/deliveries/controllers/order/order.go:126.67,127.36 1 1
final-project/deliveries/controllers/order/order.go:127.36,132.17 4 1
final-project/deliveries/controllers/order/order.go:136.3,136.30 1 1
final-project/deliveries/controllers/order/order.go:151.3,151.88 1 1
final-project/deliveries/controllers/order/order.go:132.17,134.4 1 1
final-project/deliveries/controllers/order/order.go:136.30,138.4 1 1
final-project/deliveries/controllers/order/order.go:138.9,138.40 1 1
final-project/deliveries/controllers/order/order.go:138.40,140.18 2 1
final-project/deliveries/controllers/order/order.go:143.4,143.137 1 1
final-project/deliveries/controllers/order/order.go:140.18,142.5 1 1
final-project/deliveries/controllers/order/order.go:144.9,144.60 1 1
final-project/deliveries/controllers/order/order.go:144.60,146.18 2 1
final-project/deliveries/controllers/order/order.go:149.4,149.132 1 1
final-project/deliveries/controllers/order/order.go:146.18,148.5 1 1
final-project/deliveries/controllers/order/order.go:156.60,157.36 1 1
final-project/deliveries/controllers/order/order.go:157.36,159.15 2 1
final-project/deliveries/controllers/order/order.go:163.3,166.17 3 1
final-project/deliveries/controllers/order/order.go:169.3,169.133 1 1
final-project/deliveries/controllers/order/order.go:159.15,161.4 1 1
final-project/deliveries/controllers/order/order.go:166.17,168.4 1 1
final-project/deliveries/controllers/order/order.go:174.60,175.36 1 1
final-project/deliveries/controllers/order/order.go:175.36,177.15 2 1
final-project/deliveries/controllers/order/order.go:181.3,184.17 3 1
final-project/deliveries/controllers/order/order.go:187.3,187.133 1 1
final-project/deliveries/controllers/order/order.go:177.15,179.4 1 1
final-project/deliveries/controllers/order/order.go:184.17,186.4 1 1
final-project/deliveries/controllers/order/order.go:192.61,193.36 1 1
final-project/deliveries/controllers/order/order.go:193.36,195.15 2 1
final-project/deliveries/controllers/order/order.go:199.3,202.17 3 1
final-project/deliveries/controllers/order/order.go:205.3,205.135 1 1
final-project/deliveries/controllers/order/order.go:195.15,197.4 1 1
final-project/deliveries/controllers/order/order.go:202.17,204.4 1 1
final-project/deliveries/controllers/order/order.go:210.62,211.36 1 1
final-project/deliveries/controllers/order/order.go:211.36,213.15 2 1
final-project/deliveries/controllers/order/order.go:217.3,220.17 3 1
final-project/deliveries/controllers/order/order.go:223.3,223.135 1 1
final-project/deliveries/controllers/order/order.go:213.15,215.4 1 1
final-project/deliveries/controllers/order/order.go:220.17,222.4 1 1
final-project/deliveries/controllers/order/order.go:228.58,229.36 1 1
final-project/deliveries/controllers/order/order.go:229.36,231.15 2 1
final-project/deliveries/controllers/order/order.go:231.15,236.18 4 1
final-project/deliveries/controllers/order/order.go:239.4,239.142 1 1
final-project/deliveries/controllers/order/order.go:236.18,238.5 1 1
final-project/deliveries/controllers/order/order.go:240.9,244.18 3 1
final-project/deliveries/controllers/order/order.go:247.4,247.138 1 1
final-project/deliveries/controllers/order/order.go:244.18,246.5 1 1
final-project/deliveries/controllers/order/order.go:253.56,254.36 1 1
final-project/deliveries/controllers/order/order.go:254.36,259.17 4 1
final-project/deliveries/controllers/order/order.go:262.3,262.129 1 1
final-project/deliveries/controllers/order/order.go:259.17,261.4 1 1
final-project/deliveries/controllers/order/order.go:267.58,268.36 1 1
final-project/deliveries/controllers/order/order.go:268.36,270.15 2 1
final-project/deliveries/controllers/order/order.go:274.3,277.17 3 1
final-project/deliveries/controllers/order/order.go:280.3,280.130 1 1
final-project/deliveries/controllers/order/order.go:270.15,272.4 1 1
final-project/deliveries/controllers/order/order.go:277.17,279.4 1 1
final-project/deliveries/controllers/order/request.go:22.104,34.2 1 1
final-project/deliveries/controllers/order/response.go:35.66,57.2 1 1
final-project/deliveries/controllers/order/response.go:59.74,62.35 2 1
final-project/deliveries/controllers/order/response.go:84.2,84.18 1 1
final-project/deliveries/controllers/order/response.go:62.35,82.3 19 1
final-project/deliveries/controllers/order/response.go:87.75,88.17 1 1
final-project/deliveries/controllers/order/response.go:89.21,90.28 1 1
final-project/deliveries/controllers/order/response.go:91.15,92.31 1 1
final-project/deliveries/controllers/order/response.go:93.21,94.28 1 1
final-project/deliveries/controllers/order/response.go:95.24,96.28 1 1
final-project/deliveries/controllers/order/response.go:97.10,98.12 1 1
final-project/deliveries/controllers/payment-method/payment-method.go:17.92,21.2 1 1
final-project/deliveries/controllers/payment-method/payment-method.go:23.63,24.36 1 1
final-project/deliveries/controllers/payment-method/payment-method.go:24.36,26.15 2 1
final-project/deliveries/controllers/payment-method/payment-method.go:30.3,32.82 2 1
final-project/deliveries/controllers/payment-method/payment-method.go:36.3,37.17 2 1
final-project/deliveries/controllers/payment-method/payment-method.go:40.3,40.150 1 1
final-project/deliveries/controllers/payment-method/payment-method.go:26.15,28.4 1 1
final-project/deliveries/controllers/payment-method/payment-method.go:32.82,34.4 1 1
final-project/deliveries/controllers/payment-method/payment-method.go:37.17,39.4 1 1
final-project/deliveries/controllers/payment-method/payment-method.go:44.60,45.36 1 1
final-project/deliveries/controllers/payment-method/payment-method.go:45.36,47.17 2 1
final-project/deliveries/controllers/payment-method/payment-method.go:50.3,50.138 1 1
final-project/deliveries/controllers/payment-method/payment-method.go:47.17,49.4 1 1
final-project/deliveries/controllers/payment-method/payment-method.go:54.63,55.36 1 1
final-project/deliveries/controllers/payment-method/payment-method.go:55.36,57.15 2 1
final-project/deliveries/controllers/payment-method/payment-method.go:61.3,64.17 3 1
final-project/deliveries/controllers/payment-method/payment-method.go:67.3,67.102 1 1
final-project/deliveries/controllers/payment-method/payment-method.go:57.15,59.4 1 1
final-project/deliveries/controllers/payment-method/payment-method.go:64.17,66.4 1 1
final-project/deliveries/controllers/payment-method/request.go:11.81,15.2 1 1
final-project/deliveries/controllers/payment-method/response.go:9.97,13.2 1 1
final-project/deliveries/controllers/payment-method/response.go:20.95,22.42 2 1
final-project/deliveries/controllers/payment-method/response.go:26.2,26.18 1 1
final-project/deliveries/controllers/payment-method/response.go:22.42,25.3 2 1
final-project/deliveries/controllers/review/request.go:14.70,22.2 1 1
final-project/deliveries/controllers/review/review.go:16.75,20.2 1 1
final-project/deliveries/controllers/review/review.go:22.56,23.36 1 1
final-project/deliveries/controllers/review/review.go:23.36,27.149 3 1
final-project/deliveries/controllers/review/review.go:31.3,32.17 2 1
final-project/deliveries/controllers/review/review.go:35.3,35.111 1 1
final-project/deliveries/controllers/review/review.go:27.149,29.4 1 1
final-project/deliveries/controllers/review/review.go:32.17,34.4 1 1
final-project/deliveries/controllers/review/review.go:39.53,40.36 1 1
final-project/deliveries/controllers/review/review.go:40.36,42.17 2 1
final-project/deliveries/controllers/review/review.go:45.3,45.102 1 1
final-project/deliveries/controllers/review/review.go:42.17,44.4 1 1
final-project/deliveries/controllers/service/request.go:15.80,23.2 1 1
final-project/deliveries/controllers/service/request.go:32.67,40.2 1 1
final-project/deliveries/controllers/service/response.go:13.58,21.2 1 1
final-project/deliveries/controllers/service/response.go:32.57,35.37 2 1
final-project/deliveries/controllers/service/response.go:44.2,44.18 1 1
final-project/deliveries/controllers/service/response.go:35.37,42.3 6 1
final-project/deliveries/controllers/service/response.go:47.59,56.2 1 1
final-project/deliveries/controllers/service/response.go:67.58,76.2 1 1
final-project/deliveries/controllers/service/service.go:24.131,30.2 1 1
final-project/deliveries/controllers/service/service.go:32.57,33.36 1 1
final-project/deliveries/controllers/service/service.go:33.36,35.15 2 1
final-project/deliveries/controllers/service/service.go:39.3,40.166 2 1
final-project/deliveries/controllers/service/service.go:44.3,44.100 1 1
final-project/deliveries/controllers/service/service.go:48.3,49.17 2 1
final-project/deliveries/controllers/service/service.go:54.3,54.63 1 1
final-project/deliveries/controllers/service/service.go:59.3,61.17 3 1
final-project/deliveries/controllers/service/service.go:65.3,67.17 3 1
final-project/deliveries/controllers/service/service.go:70.3,70.130 1 1
final-project/deliveries/controllers/service/service.go:35.15,37.4 1 1
final-project/deliveries/controllers/service/service.go:40.166,42.4 1 1
final-project/deliveries/controllers/service/service.go:44.100,46.4 1 1
final-project/deliveries/controllers/service/service.go:49.17,52.4 2 1
final-project/deliveries/controllers/service/service.go:54.63,57.4 2 1
final-project/deliveries/controllers/service/service.go:61.17,63.4 1 1
final-project/deliveries/controllers/service/service.go:67.17,69.4 1 1
final-project/deliveries/controllers/service/service.go:74.54,75.36 1 1
final-project/deliveries/controllers/service/service.go:75.36,77.17 2 1
final-project/deliveries/controllers/service/service.go:80.3,80.118 1 1
final-project/deliveries/controllers/service/service.go:77.17,79.4 1 1
final-project/deliveries/controllers/service/service.go:84.61,85.36 1 1
final-project/deliveries/controllers/service/service.go:85.36,89.17 3 1
final-project/deliveries/controllers/service/service.go:92.3,92.126 1 1
final-project/deliveries/controllers/service/service.go:89.17,91.4 1 1
final-project/deliveries/controllers/service/service.go:96.57,97.36 1 1
final-project/deliveries/controllers/service/service.go:97.36,99.15 2 1
final-project/deliveries/controllers/service/service.go:103.3,104.48 2 1
final-project/deliveries/controllers/service/service.go:108.3,108.110 1 1
final-project/deliveries/controllers/service/service.go:112.3,114.17 3 1
final-project/deliveries/controllers/service/service.go:131.3,132.17 2 1
final-project/deliveries/controllers/service/service.go:135.3,135.120 1 1
final-project/deliveries/controllers/service/service.go:99.15,101.4 1 1
final-project/deliveries/controllers/service/service.go:104.48,106.4 1 1
final-project/deliveries/controllers/service/service.go:108.110,110.4 1 1
final-project/deliveries/controllers/service/service.go:114.17,116.4 1 1
final-project/deliveries/controllers/service/service.go:116.9,117.64 1 1
final-project/deliveries/controllers/service/service.go:121.4,126.18 4 1
final-project/deliveries/controllers/service/service.go:117.64,119.5 1 1
final-project/deliveries/controllers/service/service.go:126.18,128.5 1 1
final-project/deliveries/controllers/service/service.go:132.17,134.4 1 1
final-project/deliveries/controllers/service/service.go:139.57,140.36 1 1
final-project/deliveries/controllers/service/service.go:140.36,142.15 2 1
final-project/deliveries/controllers/service/service.go:146.3,148.17 3 1
final-project/deliveries/controllers/service/service.go:151.3,151.95 1 1
final-project/deliveries/controllers/service/service.go:142.15,144.4 1 1
final-project/deliveries/controllers/service/service.go:148.17,150.4 1 1
final-project/deliveries/controllers/user/user.go:19.67,23.2 1 1
final-project/deliveries/controllers/user/user.go:25.54,26.36 1 1
final-project/deliveries/controllers/user/user.go:26.36,29.170 2 1
final-project/deliveries/controllers/user/user.go:33.3,33.102 1 1
final-project/deliveries/controllers/user/user.go:37.3,38.17 2 1
final-project/deliveries/controllers/user/user.go:41.3,41.131 1 1
final-project/deliveries/controllers/user/user.go:29.170,31.4 1 1
final-project/deliveries/controllers/user/user.go:33.102,35.4 1 1
final-project/deliveries/controllers/user/user.go:38.17,40.4 1 1
final-project/deliveries/controllers/user/user.go:45.51,46.36 1 1
final-project/deliveries/controllers/user/user.go:46.36,50.17 3 1
final-project/deliveries/controllers/user/user.go:53.3,53.118 1 1
final-project/deliveries/controllers/user/user.go:50.17,52.4 1 1
final-project/deliveries/controllers/user/user.go:57.55,58.36 1 1
final-project/deliveries/controllers/user/user.go:58.36,60.15 2 1
final-project/deliveries/controllers/user/user.go:64.3,67.17 3 1
final-project/deliveries/controllers/user/user.go:70.3,70.118 1 1
final-project/deliveries/controllers/user/user.go:60.15,62.4 1 1
final-project/deliveries/controllers/user/user.go:67.17,69.4 1 1
final-project/deliveries/controllers/user/user.go:74.59,75.36 1 1
final-project/deliveries/controllers/user/user.go:75.36,77.15 2 1
final-project/deliveries/controllers/user/user.go:81.3,82.17 2 1
final-project/deliveries/controllers/user/user.go:85.3,85.120 1 1
final-project/deliveries/controllers/user/user.go:77.15,79.4 1 1
final-project/deliveries/controllers/user/user.go:82.17,84.4 1 1
final-project/deliveries/controllers/user/user.go:89.54,90.36 1 1
final-project/deliveries/controllers/user/user.go:90.36,94.46 3 1
final-project/deliveries/controllers/user/user.go:98.3,98.114 1 1
final-project/deliveries/controllers/user/user.go:102.3,103.17 2 1
final-project/deliveries/controllers/user/user.go:106.3,106.121 1 1
final-project/deliveries/controllers/user/user.go:94.46,96.4 1 1
final-project/deliveries/controllers/user/user.go:98.114,100.4 1 1
final-project/deliveries/controllers/user/user.go:103.17,105.4 1 1
final-project/deliveries/controllers/user/user.go:110.54,111.36 1 1
final-project/deliveries/controllers/user/user.go:111.36,113.15 2 1
final-project/deliveries/controllers/user/user.go:117.3,120.17 3 1
final-project/deliveries/controllers/user/user.go:123.3,123.92 1 1
final-project/deliveries/controllers/user/user.go:113.15,115.4 1 1
final-project/deliveries/controllers/user/user.go:120.17,122.4 1 1
final-project/deliveries/controllers/user/request.go:18.53,27.2 2 1
final-project/deliveries/controllers/user/request.go:37.64,38.43 1 1
final-project/deliveries/controllers/user/request.go:42.2,48.3 1 1
final-project/deliveries/controllers/user/request.go:38.43,40.3 1 1
final-project/deliveries/controllers/user/response.go:12.60,19.2 1 1
final-project/deliveries/controllers/user/response.go:28.54,35.2 1 1
final-project/deliveries/controllers/user/response.go:44.61,46.34 2 1
final-project/deliveries/controllers/user/response.go:52.2,52.18 1 1
final-project/deliveries/controllers/user/response.go:46.34,51.3 4 1
final-project/deliveries/controllers/user/response.go:62.60,69.2 1 1
final-project/repositories/auth/auth.go:15.53,19.2 1 1
final-project/repositories/auth/auth.go:21.76,27.16 4 1
final-project/repositories/auth/auth.go:31.2,31.18 1 1
final-project/repositories/auth/auth.go:27.16,29.3 1 1
final-project/repositories/order/order.go:15.55,19.2 1 1
final-project/repositories/order/order.go:21.77,24.56 2 1
final-project/repositories/order/order.go:29.2,36.19 2 1
final-project/repositories/order/order.go:24.56,27.3 2 1
final-project/repositories/order/order.go:39.59,42.664 2 1
final-project/repositories/order/order.go:45.2,45.20 1 1
final-project/repositories/order/order.go:42.664,44.3 1 1
final-project/repositories/order/order.go:48.78,51.695 2 1
final-project/repositories/order/order.go:54.2,54.20 1 1
final-project/repositories/order/order.go:51.695,53.3 1 1
final-project/repositories/order/order.go:57.73,60.686 2 1
final-project/repositories/order/order.go:63.2,63.19 1 1
final-project/repositories/order/order.go:60.686,62.3 1 1
final-project/repositories/order/order.go:66.80,69.712 2 1
final-project/repositories/order/order.go:72.2,72.19 1 1
final-project/repositories/order/order.go:69.712,71.3 1 1
final-project/repositories/order/order.go:75.61,78.146 2 1
final-project/repositories/order/order.go:81.2,81.23 1 1
final-project/repositories/order/order.go:78.146,80.3 1 1
final-project/repositories/order/order.go:84.68,87.121 2 1
final-project/repositories/order/order.go:91.2,96.19 2 1
final-project/repositories/order/order.go:87.121,89.3 1 1
final-project/repositories/order/order.go:99.72,102.126 2 1
final-project/repositories/order/order.go:106.2,111.19 2 1
final-project/repositories/order/order.go:102.126,104.3 1 1
final-project/repositories/order/order.go:114.72,117.126 2 1
final-project/repositories/order/order.go:121.2,126.19 2 1
final-project/repositories/order/order.go:117.126,119.3 1 1
final-project/repositories/order/order.go:129.73,132.128 2 1
final-project/repositories/order/order.go:136.2,141.19 2 1
final-project/repositories/order/order.go:132.128,134.3 1 1
final-project/repositories/order/order.go:144.74,147.128 2 1
final-project/repositories/order/order.go:151.2,156.19 2 1
final-project/repositories/order/order.go:147.128,149.3 1 1
final-project/repositories/order/order.go:159.75,162.124 2 1
final-project/repositories/order/order.go:166.2,171.19 2 1
final-project/repositories/order/order.go:162.124,164.3 1 1
final-project/repositories/order/order.go:174.82,177.148 2 1
final-project/repositories/order/order.go:181.2,186.19 2 1
final-project/repositories/order/order.go:177.148,179.3 1 1
final-project/repositories/order/order.go:189.76,192.146 2 1
final-project/repositories/order/order.go:196.2,201.19 2 1
final-project/repositories/order/order.go:192.146,194.3 1 1
final-project/repositories/order/order.go:204.70,207.201 2 1
final-project/repositories/order/order.go:211.2,216.19 2 1
final-project/repositories/order/order.go:207.201,209.3 1 1
final-project/repositories/payment-method/payment-method.go:15.71,19.2 1 1
final-project/repositories/payment-method/payment-method.go:21.108,22.64 1 1
final-project/repositories/payment-method/payment-method.go:26.2,26.30 1 1
final-project/repositories/payment-method/payment-method.go:22.64,25.3 2 1
final-project/repositories/payment-method/payment-method.go:29.73,32.29 3 1
final-project/repositories/payment-method/payment-method.go:35.2,35.28 1 1
final-project/repositories/payment-method/payment-method.go:32.29,34.3 1 1
final-project/repositories/payment-method/payment-method.go:38.73,39.107 1 1
final-project/repositories/payment-method/payment-method.go:42.2,42.12 1 1
final-project/repositories/payment-method/payment-method.go:39.107,41.3 1 1
final-project/repositories/review/review.go:15.57,19.2 1 1
final-project/repositories/review/review.go:21.81,25.54 3 1
final-project/repositories/review/review.go:29.2,29.57 1 1
final-project/repositories/review/review.go:33.2,38.20 2 1
final-project/repositories/review/review.go:25.54,27.3 1 1
final-project/repositories/review/review.go:29.57,32.3 2 1
final-project/repositories/review/review.go:41.61,47.50 2 1
final-project/repositories/review/review.go:50.2,50.21 1 1
final-project/repositories/review/review.go:47.50,49.3 1 1
final-project/repositories/service/service.go:15.59,19.2 1 1
final-project/repositories/service/service.go:21.82,22.58 1 1
final-project/repositories/service/service.go:26.2,26.24 1 1
final-project/repositories/service/service.go:22.58,25.3 2 1
final-project/repositories/service/service.go:29.60,32.77 2 1
final-project/repositories/service/service.go:35.2,35.22 1 1
final-project/repositories/service/service.go:32.77,34.3 1 1
final-project/repositories/service/service.go:38.72,41.58 2 1
final-project/repositories/service/service.go:45.2,45.21 1 1
final-project/repositories/service/service.go:41.58,44.3 2 1
final-project/repositories/service/service.go:48.85,49.101 1 1
final-project/repositories/service/service.go:53.2,54.27 2 1
final-project/repositories/service/service.go:49.101,51.3 1 1
final-project/repositories/service/service.go:57.54,58.87 1 1
final-project/repositories/service/service.go:61.2,61.12 1 1
final-project/repositories/service/service.go:58.87,60.3 1 1
final-project/repositories/user/user.go:15.53,19.2 1 1
final-project/repositories/user/user.go:21.70,22.55 1 1
final-project/repositories/user/user.go:26.2,26.21 1 1
final-project/repositories/user/user.go:22.55,25.3 2 1
final-project/repositories/user/user.go:29.59,32.55 2 1
final-project/repositories/user/user.go:36.2,36.18 1 1
final-project/repositories/user/user.go:32.55,35.3 2 1
final-project/repositories/user/user.go:39.63,42.55 2 1
final-project/repositories/user/user.go:46.2,46.18 1 1
final-project/repositories/user/user.go:42.55,45.3 2 1
final-project/repositories/user/user.go:49.62,52.20 3 1
final-project/repositories/user/user.go:55.2,55.19 1 1
final-project/repositories/user/user.go:52.20,54.3 1 1
final-project/repositories/user/user.go:58.73,59.100 1 1
final-project/repositories/user/user.go:63.2,64.24 2 1
final-project/repositories/user/user.go:59.100,61.3 1 1
final-project/repositories/user/user.go:67.51,68.84 1 1
final-project/repositories/user/user.go:71.2,71.12 1 1
final-project/repositories/user/user.go:68.84,70.3 1 1
