mode: set
final-project/deliveries/controllers/auth/auth.go:17.67,21.2 1 1
final-project/deliveries/controllers/auth/auth.go:23.53,24.36 1 1
final-project/deliveries/controllers/auth/auth.go:24.36,26.141 2 1
final-project/deliveries/controllers/auth/auth.go:30.3,31.17 2 1
final-project/deliveries/controllers/auth/auth.go:35.3,37.17 3 1
final-project/deliveries/controllers/auth/auth.go:40.3,40.152 1 1
final-project/deliveries/controllers/auth/auth.go:26.141,28.4 1 1
final-project/deliveries/controllers/auth/auth.go:31.17,33.4 1 1
final-project/deliveries/controllers/auth/auth.go:37.17,39.4 1 1
final-project/deliveries/controllers/auth/response.go:12.78,19.2 1 1
final-project/deliveries/controllers/order/order.go:21.106,26.2 1 1
final-project/deliveries/controllers/order/order.go:33.55,34.36 1 1
final-project/deliveries/controllers/order/order.go:34.36,36.14 2 1
final-project/deliveries/controllers/order/order.go:40.3,41.319 2 1
final-project/deliveries/controllers/order/order.go:45.3,46.17 2 1
final-project/deliveries/controllers/order/order.go:50.3,54.35 4 1
final-project/deliveries/controllers/order/order.go:58.3,61.17 3 1
final-project/deliveries/controllers/order/order.go:64.3,64.127 1 1
final-project/deliveries/controllers/order/order.go:36.14,38.4 1 1
final-project/deliveries/controllers/order/order.go:41.319,43.4 1 1
final-project/deliveries/controllers/order/order.go:46.17,48.4 1 1
final-project/deliveries/controllers/order/order.go:54.35,56.4 1 1
final-project/deliveries/controllers/order/order.go:61.17,63.4 1 1
final-project/deliveries/controllers/order/order.go:69.52,70.36 1 1
final-project/deliveries/controllers/order/order.go:70.36,72.15 2 1
final-project/deliveries/controllers/order/order.go:76.3,77.17 2 1
final-project/deliveries/controllers/order/order.go:80.3,80.121 1 1
final-project/deliveries/controllers/order/order.go:72.15,74.4 1 1
final-project/deliveries/controllers/order/order.go:77.17,79.4 1 1
final-project/deliveries/controllers/order/order.go:85.60,86.36 1 1
final-project/deliveries/controllers/order/order.go:86.36,90.17 3 1
final-project/deliveries/controllers/order/order.go:93.3,93.141 1 1
final-project/deliveries/controllers/order/order.go:90.17,92.4 1 1
final-project/deliveries/controllers/order/order.go:98.56,99.36 1 1
final-project/deliveries/controllers/order/order.go:99.36,101.15 2 1
final-project/deliveries/controllers/order/order.go:101.15,106.18 4 1
final-project/deliveries/controllers/order/order.go:109.4,109.130 1 1
final-project/deliveries/controllers/order/order.go:106.18,108.5 1 1
final-project/deliveries/controllers/order/order.go:110.9,114.18 3 1
final-project/deliveries/controllers/order/order.go:117.4,117.131 1 1
final-project/deliveries/controllers/order/order.go:114.18,116.5 1 1
final-project/deliveries/controllers/order/order.go:123.67,124.36 1 1
final-project/deliveries/controllers/order/order.go:124.36,129.17 4 1
final-project/deliveries/controllers/order/order.go:133.3,133.30 1 1
final-project/deliveries/controllers/order/order.go:148.3,148.88 1 1
final-project/deliveries/controllers/order/order.go:129.17,131.4 1 1
final-project/deliveries/controllers/order/order.go:133.30,135.4 1 1
final-project/deliveries/controllers/order/order.go:135.9,135.40 1 1
final-project/deliveries/controllers/order/order.go:135.40,137.18 2 1
final-project/deliveries/controllers/order/order.go:140.4,140.137 1 1
final-project/deliveries/controllers/order/order.go:137.18,139.5 1 1
final-project/deliveries/controllers/order/order.go:141.9,141.60 1 1
final-project/deliveries/controllers/order/order.go:141.60,143.18 2 1
final-project/deliveries/controllers/order/order.go:146.4,146.132 1 1
final-project/deliveries/controllers/order/order.go:143.18,145.5 1 1
final-project/deliveries/controllers/order/order.go:153.60,154.36 1 1
final-project/deliveries/controllers/order/order.go:154.36,156.15 2 1
final-project/deliveries/controllers/order/order.go:160.3,163.17 3 1
final-project/deliveries/controllers/order/order.go:166.3,166.133 1 1
final-project/deliveries/controllers/order/order.go:156.15,158.4 1 1
final-project/deliveries/controllers/order/order.go:163.17,165.4 1 1
final-project/deliveries/controllers/order/order.go:171.60,172.36 1 1
final-project/deliveries/controllers/order/order.go:172.36,174.15 2 1
final-project/deliveries/controllers/order/order.go:178.3,181.17 3 1
final-project/deliveries/controllers/order/order.go:184.3,184.133 1 1
final-project/deliveries/controllers/order/order.go:174.15,176.4 1 1
final-project/deliveries/controllers/order/order.go:181.17,183.4 1 1
final-project/deliveries/controllers/order/order.go:189.61,190.36 1 1
final-project/deliveries/controllers/order/order.go:190.36,192.15 2 1
final-project/deliveries/controllers/order/order.go:196.3,199.17 3 1
final-project/deliveries/controllers/order/order.go:202.3,202.135 1 1
final-project/deliveries/controllers/order/order.go:192.15,194.4 1 1
final-project/deliveries/controllers/order/order.go:199.17,201.4 1 1
final-project/deliveries/controllers/order/order.go:207.62,208.36 1 1
final-project/deliveries/controllers/order/order.go:208.36,210.15 2 1
final-project/deliveries/controllers/order/order.go:214.3,217.17 3 1
final-project/deliveries/controllers/order/order.go:220.3,220.135 1 1
final-project/deliveries/controllers/order/order.go:210.15,212.4 1 1
final-project/deliveries/controllers/order/order.go:217.17,219.4 1 1
final-project/deliveries/controllers/order/order.go:225.58,226.36 1 1
final-project/deliveries/controllers/order/order.go:226.36,228.15 2 1
final-project/deliveries/controllers/order/order.go:228.15,233.18 4 1
final-project/deliveries/controllers/order/order.go:236.4,236.142 1 1
final-project/deliveries/controllers/order/order.go:233.18,235.5 1 1
final-project/deliveries/controllers/order/order.go:237.9,241.18 3 1
final-project/deliveries/controllers/order/order.go:244.4,244.138 1 1
final-project/deliveries/controllers/order/order.go:241.18,243.5 1 1
final-project/deliveries/controllers/order/order.go:250.56,251.36 1 1
final-project/deliveries/controllers/order/order.go:251.36,256.17 4 1
final-project/deliveries/controllers/order/order.go:259.3,259.129 1 1
final-project/deliveries/controllers/order/order.go:256.17,258.4 1 1
final-project/deliveries/controllers/order/order.go:264.58,265.36 1 1
final-project/deliveries/controllers/order/order.go:265.36,267.15 2 1
final-project/deliveries/controllers/order/order.go:271.3,274.17 3 1
final-project/deliveries/controllers/order/order.go:277.3,277.130 1 1
final-project/deliveries/controllers/order/order.go:267.15,269.4 1 1
final-project/deliveries/controllers/order/order.go:274.17,276.4 1 1
final-project/deliveries/controllers/order/request.go:21.104,33.2 1 1
final-project/deliveries/controllers/order/response.go:33.66,55.2 1 1
final-project/deliveries/controllers/order/response.go:57.74,60.35 2 1
final-project/deliveries/controllers/order/response.go:82.2,82.18 1 1
final-project/deliveries/controllers/order/response.go:60.35,80.3 19 1
final-project/deliveries/controllers/payment-method/payment-method.go:17.92,21.2 1 1
final-project/deliveries/controllers/payment-method/payment-method.go:23.63,24.36 1 1
final-project/deliveries/controllers/payment-method/payment-method.go:24.36,26.15 2 1
final-project/deliveries/controllers/payment-method/payment-method.go:30.3,32.82 2 1
final-project/deliveries/controllers/payment-method/payment-method.go:36.3,37.17 2 1
final-project/deliveries/controllers/payment-method/payment-method.go:40.3,40.150 1 1
final-project/deliveries/controllers/payment-method/payment-method.go:26.15,28.4 1 1
final-project/deliveries/controllers/payment-method/payment-method.go:32.82,34.4 1 1
final-project/deliveries/controllers/payment-method/payment-method.go:37.17,39.4 1 1
final-project/deliveries/controllers/payment-method/payment-method.go:44.60,45.36 1 1
final-project/deliveries/controllers/payment-method/payment-method.go:45.36,47.15 2 1
final-project/deliveries/controllers/payment-method/payment-method.go:51.3,52.17 2 1
final-project/deliveries/controllers/payment-method/payment-method.go:55.3,55.138 1 1
final-project/deliveries/controllers/payment-method/payment-method.go:47.15,49.4 1 1
final-project/deliveries/controllers/payment-method/payment-method.go:52.17,54.4 1 1
final-project/deliveries/controllers/payment-method/payment-method.go:59.63,60.36 1 1
final-project/deliveries/controllers/payment-method/payment-method.go:60.36,62.15 2 1
final-project/deliveries/controllers/payment-method/payment-method.go:66.3,69.17 3 1
final-project/deliveries/controllers/payment-method/payment-method.go:72.3,72.102 1 1
final-project/deliveries/controllers/payment-method/payment-method.go:62.15,64.4 1 1
final-project/deliveries/controllers/payment-method/payment-method.go:69.17,71.4 1 1
final-project/deliveries/controllers/payment-method/request.go:11.81,15.2 1 1
final-project/deliveries/controllers/payment-method/response.go:9.97,13.2 1 1
final-project/deliveries/controllers/payment-method/response.go:20.95,22.42 2 1
final-project/deliveries/controllers/payment-method/response.go:26.2,26.18 1 1
final-project/deliveries/controllers/payment-method/response.go:22.42,25.3 2 1
final-project/deliveries/controllers/review/request.go:14.70,22.2 1 1
final-project/deliveries/controllers/review/review.go:16.75,20.2 1 1
final-project/deliveries/controllers/review/review.go:22.56,23.36 1 1
final-project/deliveries/controllers/review/review.go:23.36,27.149 3 1
final-project/deliveries/controllers/review/review.go:31.3,32.17 2 1
final-project/deliveries/controllers/review/review.go:35.3,35.111 1 1
final-project/deliveries/controllers/review/review.go:27.149,29.4 1 1
final-project/deliveries/controllers/review/review.go:32.17,34.4 1 1
final-project/deliveries/controllers/review/review.go:39.53,40.36 1 1
final-project/deliveries/controllers/review/review.go:40.36,42.17 2 1
final-project/deliveries/controllers/review/review.go:45.3,45.102 1 1
final-project/deliveries/controllers/review/review.go:42.17,44.4 1 1
final-project/deliveries/controllers/service/response.go:13.58,21.2 1 1
final-project/deliveries/controllers/service/response.go:32.57,35.37 2 1
final-project/deliveries/controllers/service/response.go:44.2,44.18 1 1
final-project/deliveries/controllers/service/response.go:35.37,42.3 6 1
final-project/deliveries/controllers/service/response.go:47.59,56.2 1 1
final-project/deliveries/controllers/service/response.go:67.58,76.2 1 1
final-project/deliveries/controllers/service/service.go:24.131,30.2 1 1
final-project/deliveries/controllers/service/service.go:32.57,33.36 1 1
final-project/deliveries/controllers/service/service.go:33.36,35.15 2 1
final-project/deliveries/controllers/service/service.go:39.3,40.166 2 1
final-project/deliveries/controllers/service/service.go:44.3,44.100 1 1
final-project/deliveries/controllers/service/service.go:48.3,49.17 2 1
final-project/deliveries/controllers/service/service.go:54.3,56.17 3 1
final-project/deliveries/controllers/service/service.go:60.3,62.17 3 1
final-project/deliveries/controllers/service/service.go:65.3,65.130 1 1
final-project/deliveries/controllers/service/service.go:35.15,37.4 1 1
final-project/deliveries/controllers/service/service.go:40.166,42.4 1 1
final-project/deliveries/controllers/service/service.go:44.100,46.4 1 1
final-project/deliveries/controllers/service/service.go:49.17,52.4 2 1
final-project/deliveries/controllers/service/service.go:56.17,58.4 1 1
final-project/deliveries/controllers/service/service.go:62.17,64.4 1 1
final-project/deliveries/controllers/service/service.go:69.54,70.36 1 1
final-project/deliveries/controllers/service/service.go:70.36,72.17 2 1
final-project/deliveries/controllers/service/service.go:75.3,75.118 1 1
final-project/deliveries/controllers/service/service.go:72.17,74.4 1 1
final-project/deliveries/controllers/service/service.go:79.61,80.36 1 1
final-project/deliveries/controllers/service/service.go:80.36,84.17 3 1
final-project/deliveries/controllers/service/service.go:87.3,87.126 1 1
final-project/deliveries/controllers/service/service.go:84.17,86.4 1 1
final-project/deliveries/controllers/service/service.go:91.57,92.36 1 1
final-project/deliveries/controllers/service/service.go:92.36,94.15 2 1
final-project/deliveries/controllers/service/service.go:98.3,99.48 2 1
final-project/deliveries/controllers/service/service.go:103.3,103.110 1 1
final-project/deliveries/controllers/service/service.go:107.3,109.17 3 1
final-project/deliveries/controllers/service/service.go:126.3,127.17 2 1
final-project/deliveries/controllers/service/service.go:130.3,130.120 1 1
final-project/deliveries/controllers/service/service.go:94.15,96.4 1 1
final-project/deliveries/controllers/service/service.go:99.48,101.4 1 1
final-project/deliveries/controllers/service/service.go:103.110,105.4 1 1
final-project/deliveries/controllers/service/service.go:109.17,111.4 1 1
final-project/deliveries/controllers/service/service.go:111.9,112.70 1 1
final-project/deliveries/controllers/service/service.go:116.4,121.18 4 1
final-project/deliveries/controllers/service/service.go:112.70,114.5 1 1
final-project/deliveries/controllers/service/service.go:121.18,123.5 1 1
final-project/deliveries/controllers/service/service.go:127.17,129.4 1 1
final-project/deliveries/controllers/service/service.go:134.57,135.36 1 1
final-project/deliveries/controllers/service/service.go:135.36,137.15 2 1
final-project/deliveries/controllers/service/service.go:141.3,143.17 3 1
final-project/deliveries/controllers/service/service.go:146.3,146.95 1 1
final-project/deliveries/controllers/service/service.go:137.15,139.4 1 1
final-project/deliveries/controllers/service/service.go:143.17,145.4 1 1
final-project/deliveries/controllers/service/request.go:15.80,23.2 1 1
final-project/deliveries/controllers/service/request.go:32.67,40.2 1 1
final-project/deliveries/controllers/user/request.go:18.53,27.2 2 1
final-project/deliveries/controllers/user/request.go:37.64,38.43 1 1
final-project/deliveries/controllers/user/request.go:42.2,48.3 1 1
final-project/deliveries/controllers/user/request.go:38.43,40.3 1 1
final-project/deliveries/controllers/user/response.go:12.60,19.2 1 1
final-project/deliveries/controllers/user/response.go:28.54,35.2 1 1
final-project/deliveries/controllers/user/response.go:44.61,46.34 2 1
final-project/deliveries/controllers/user/response.go:52.2,52.18 1 1
final-project/deliveries/controllers/user/response.go:46.34,51.3 4 1
final-project/deliveries/controllers/user/response.go:62.60,69.2 1 1
final-project/deliveries/controllers/user/user.go:19.67,23.2 1 1
final-project/deliveries/controllers/user/user.go:25.54,26.36 1 1
final-project/deliveries/controllers/user/user.go:26.36,29.170 2 1
final-project/deliveries/controllers/user/user.go:33.3,33.102 1 1
final-project/deliveries/controllers/user/user.go:37.3,38.17 2 1
final-project/deliveries/controllers/user/user.go:41.3,41.131 1 1
final-project/deliveries/controllers/user/user.go:29.170,31.4 1 1
final-project/deliveries/controllers/user/user.go:33.102,35.4 1 1
final-project/deliveries/controllers/user/user.go:38.17,40.4 1 1
final-project/deliveries/controllers/user/user.go:45.51,46.36 1 1
final-project/deliveries/controllers/user/user.go:46.36,50.17 3 1
final-project/deliveries/controllers/user/user.go:53.3,53.118 1 1
final-project/deliveries/controllers/user/user.go:50.17,52.4 1 1
final-project/deliveries/controllers/user/user.go:57.55,58.36 1 1
final-project/deliveries/controllers/user/user.go:58.36,60.15 2 1
final-project/deliveries/controllers/user/user.go:64.3,67.17 3 1
final-project/deliveries/controllers/user/user.go:70.3,70.118 1 1
final-project/deliveries/controllers/user/user.go:60.15,62.4 1 1
final-project/deliveries/controllers/user/user.go:67.17,69.4 1 1
final-project/deliveries/controllers/user/user.go:74.59,75.36 1 1
final-project/deliveries/controllers/user/user.go:75.36,77.15 2 1
final-project/deliveries/controllers/user/user.go:81.3,82.17 2 1
final-project/deliveries/controllers/user/user.go:85.3,85.120 1 1
final-project/deliveries/controllers/user/user.go:77.15,79.4 1 1
final-project/deliveries/controllers/user/user.go:82.17,84.4 1 1
final-project/deliveries/controllers/user/user.go:89.54,90.36 1 1
final-project/deliveries/controllers/user/user.go:90.36,94.46 3 1
final-project/deliveries/controllers/user/user.go:98.3,98.114 1 1
final-project/deliveries/controllers/user/user.go:102.3,103.17 2 1
final-project/deliveries/controllers/user/user.go:106.3,106.121 1 1
final-project/deliveries/controllers/user/user.go:94.46,96.4 1 1
final-project/deliveries/controllers/user/user.go:98.114,100.4 1 1
final-project/deliveries/controllers/user/user.go:103.17,105.4 1 1
final-project/deliveries/controllers/user/user.go:110.54,111.36 1 1
final-project/deliveries/controllers/user/user.go:111.36,115.17 3 1
final-project/deliveries/controllers/user/user.go:118.3,118.92 1 1
final-project/deliveries/controllers/user/user.go:115.17,117.4 1 1
final-project/repositories/auth/auth.go:15.53,19.2 1 1
final-project/repositories/auth/auth.go:21.76,27.16 4 1
final-project/repositories/auth/auth.go:31.2,31.18 1 1
final-project/repositories/auth/auth.go:27.16,29.3 1 1
final-project/repositories/order/order.go:15.55,19.2 1 1
final-project/repositories/order/order.go:21.77,24.56 2 1
final-project/repositories/order/order.go:29.2,36.19 2 1
final-project/repositories/order/order.go:24.56,27.3 2 1
final-project/repositories/order/order.go:39.59,42.664 2 1
final-project/repositories/order/order.go:45.2,45.20 1 1
final-project/repositories/order/order.go:42.664,44.3 1 1
final-project/repositories/order/order.go:48.78,51.695 2 1
final-project/repositories/order/order.go:54.2,54.20 1 1
final-project/repositories/order/order.go:51.695,53.3 1 1
final-project/repositories/order/order.go:57.73,60.686 2 1
final-project/repositories/order/order.go:63.2,63.19 1 1
final-project/repositories/order/order.go:60.686,62.3 1 1
final-project/repositories/order/order.go:66.80,69.712 2 1
final-project/repositories/order/order.go:72.2,72.19 1 1
final-project/repositories/order/order.go:69.712,71.3 1 1
final-project/repositories/order/order.go:75.61,78.146 2 1
final-project/repositories/order/order.go:81.2,81.23 1 1
final-project/repositories/order/order.go:78.146,80.3 1 1
final-project/repositories/order/order.go:84.68,87.121 2 1
final-project/repositories/order/order.go:91.2,96.19 2 1
final-project/repositories/order/order.go:87.121,89.3 1 1
final-project/repositories/order/order.go:99.72,102.126 2 1
final-project/repositories/order/order.go:106.2,111.19 2 1
final-project/repositories/order/order.go:102.126,104.3 1 1
final-project/repositories/order/order.go:114.72,117.126 2 1
final-project/repositories/order/order.go:121.2,126.19 2 1
final-project/repositories/order/order.go:117.126,119.3 1 1
final-project/repositories/order/order.go:129.73,132.128 2 1
final-project/repositories/order/order.go:136.2,141.19 2 1
final-project/repositories/order/order.go:132.128,134.3 1 1
final-project/repositories/order/order.go:144.74,147.128 2 1
final-project/repositories/order/order.go:151.2,156.19 2 1
final-project/repositories/order/order.go:147.128,149.3 1 1
final-project/repositories/order/order.go:159.75,162.124 2 1
final-project/repositories/order/order.go:166.2,171.19 2 1
final-project/repositories/order/order.go:162.124,164.3 1 1
final-project/repositories/order/order.go:174.82,177.148 2 1
final-project/repositories/order/order.go:181.2,186.19 2 1
final-project/repositories/order/order.go:177.148,179.3 1 1
final-project/repositories/order/order.go:189.76,192.146 2 1
final-project/repositories/order/order.go:196.2,201.19 2 1
final-project/repositories/order/order.go:192.146,194.3 1 1
final-project/repositories/order/order.go:204.70,207.151 2 1
final-project/repositories/order/order.go:211.2,216.19 2 1
final-project/repositories/order/order.go:207.151,209.3 1 1
final-project/repositories/payment-method/payment-method.go:15.71,19.2 1 1
final-project/repositories/payment-method/payment-method.go:21.108,22.64 1 1
final-project/repositories/payment-method/payment-method.go:26.2,26.30 1 1
final-project/repositories/payment-method/payment-method.go:22.64,25.3 2 1
final-project/repositories/payment-method/payment-method.go:29.73,32.29 3 1
final-project/repositories/payment-method/payment-method.go:35.2,35.28 1 1
final-project/repositories/payment-method/payment-method.go:32.29,34.3 1 1
final-project/repositories/payment-method/payment-method.go:38.73,39.107 1 1
final-project/repositories/payment-method/payment-method.go:42.2,42.12 1 1
final-project/repositories/payment-method/payment-method.go:39.107,41.3 1 1
final-project/repositories/review/review.go:15.57,19.2 1 1
final-project/repositories/review/review.go:21.81,25.54 3 1
final-project/repositories/review/review.go:29.2,29.57 1 1
final-project/repositories/review/review.go:33.2,38.20 2 1
final-project/repositories/review/review.go:25.54,27.3 1 1
final-project/repositories/review/review.go:29.57,32.3 2 1
final-project/repositories/review/review.go:41.61,47.50 2 1
final-project/repositories/review/review.go:50.2,50.21 1 1
final-project/repositories/review/review.go:47.50,49.3 1 1
final-project/repositories/service/service.go:15.59,19.2 1 1
final-project/repositories/service/service.go:21.82,22.58 1 1
final-project/repositories/service/service.go:26.2,26.24 1 1
final-project/repositories/service/service.go:22.58,25.3 2 1
final-project/repositories/service/service.go:29.60,32.77 2 1
final-project/repositories/service/service.go:35.2,35.22 1 1
final-project/repositories/service/service.go:32.77,34.3 1 1
final-project/repositories/service/service.go:38.72,41.58 2 1
final-project/repositories/service/service.go:45.2,45.21 1 1
final-project/repositories/service/service.go:41.58,44.3 2 1
final-project/repositories/service/service.go:48.85,49.101 1 1
final-project/repositories/service/service.go:53.2,54.27 2 1
final-project/repositories/service/service.go:49.101,51.3 1 1
final-project/repositories/service/service.go:57.54,58.87 1 1
final-project/repositories/service/service.go:61.2,61.12 1 1
final-project/repositories/service/service.go:58.87,60.3 1 1
final-project/repositories/user/user.go:15.53,19.2 1 1
final-project/repositories/user/user.go:21.70,22.55 1 1
final-project/repositories/user/user.go:26.2,26.21 1 1
final-project/repositories/user/user.go:22.55,25.3 2 1
final-project/repositories/user/user.go:29.59,32.55 2 1
final-project/repositories/user/user.go:36.2,36.18 1 1
final-project/repositories/user/user.go:32.55,35.3 2 1
final-project/repositories/user/user.go:39.63,42.55 2 1
final-project/repositories/user/user.go:46.2,46.18 1 1
final-project/repositories/user/user.go:42.55,45.3 2 1
final-project/repositories/user/user.go:49.62,52.20 3 1
final-project/repositories/user/user.go:55.2,55.19 1 1
final-project/repositories/user/user.go:52.20,54.3 1 1
final-project/repositories/user/user.go:58.73,59.100 1 1
final-project/repositories/user/user.go:63.2,64.24 2 1
final-project/repositories/user/user.go:59.100,61.3 1 1
final-project/repositories/user/user.go:67.51,68.84 1 1
final-project/repositories/user/user.go:71.2,71.12 1 1
final-project/repositories/user/user.go:68.84,70.3 1 1
